<?xml version='1.0' encoding='UTF-8'?>
<testsuite hostname="kptaan" name="wikigraph.WikigraphSuite" tests="16" errors="0" failures="0" skipped="0" time="0.727" timestamp="2022-02-02T08:14:46">
          <properties>
[...]
</properties>
          <testcase classname="wikigraph.WikigraphSuite" name="zip without errors" time="0.208">
                      
                    </testcase><testcase classname="wikigraph.WikigraphSuite" name="zip with domain errors" time="0.039">
                      
                    </testcase><testcase classname="wikigraph.WikigraphSuite" name="zip with domain errors and failures" time="0.017">
                      
                    </testcase><testcase classname="wikigraph.WikigraphSuite" name="traverse without errors" time="0.068">
                      
                    </testcase><testcase classname="wikigraph.WikigraphSuite" name="traverse with domain errors" time="0.172">
                      
                    </testcase><testcase classname="wikigraph.WikigraphSuite" name="traverse with domain errors and failures" time="0.043">
                      
                    </testcase><testcase classname="wikigraph.WikigraphSuite" name="map" time="0.006">
                      
                    </testcase><testcase classname="wikigraph.WikigraphSuite" name="flatMap with a successful function" time="0.006">
                      
                    </testcase><testcase classname="wikigraph.WikigraphSuite" name="flatMap with a function producing a domain error" time="0.004">
                      
                    </testcase><testcase classname="wikigraph.WikigraphSuite" name="flatMap with a function producing a system failure" time="0.01">
                      
                    </testcase><testcase classname="wikigraph.WikigraphSuite" name="breadthFirstSearch finds unique path" time="0.014">
                      
                    </testcase><testcase classname="wikigraph.WikigraphSuite" name="breadthFirstSearch finds shortest path path" time="0.003">
                      
                    </testcase><testcase classname="wikigraph.WikigraphSuite" name="breadthFirstSearch exits when maxDepth is reached" time="0.002">
                      
                    </testcase><testcase classname="wikigraph.WikigraphSuite" name="breadthFirstSearch does not fail on errors" time="0.0">
                      
                    </testcase><testcase classname="wikigraph.WikigraphSuite" name="distanceMatrix" time="0.009">
                      
                    </testcase><testcase classname="wikigraph.WikigraphSuite" name="namedLinks" time="0.126">
                      
                    </testcase>
          <system-out><![CDATA[]]></system-out>
          <system-err><![CDATA[]]></system-err>
        </testsuite>